21:04:35.968 [main] INFO  com.calculator.App - Result of factorial is: 6.0
21:04:35.970 [main] INFO  com.calculator.App - Result of factorial is: 120.0
21:04:35.971 [main] INFO  com.calculator.App - Calculating Square root  of number 9.0
21:04:35.972 [main] INFO  com.calculator.App - Result of squareRoot is : 3.0
21:04:35.972 [main] INFO  com.calculator.App - Calculating Square root  of number 16.0
21:04:35.972 [main] INFO  com.calculator.App - Result of squareRoot is : 4.0
21:04:35.972 [main] INFO  com.calculator.App - Calculating Square root  of number -10.0
21:04:35.973 [main] ERROR com.calculator.App - Number cannot be negative Case of NaN squareRoot of < 0
21:04:35.973 [main] INFO  com.calculator.App - Result of squareRoot is : NaN
21:04:35.974 [main] INFO  com.calculator.App - Calculating Natural log of 17.0
21:04:35.974 [main] INFO  com.calculator.App - Result of naturalLog is : 2.833213344056216
21:04:35.975 [main] INFO  com.calculator.App - Calculating Natural log of 6.0
21:04:35.975 [main] INFO  com.calculator.App - Result of naturalLog is : 1.791759469228055
21:04:35.975 [main] INFO  com.calculator.App - Calculating Natural log of 0.0
21:04:35.975 [main] ERROR com.calculator.App - Number cannot be negative Case of NaN log of <= 0
21:04:35.976 [main] INFO  com.calculator.App - Result of naturalLog is : NaN
21:04:35.976 [main] INFO  com.calculator.App - Calculating Square root  of number 10.0
21:04:35.976 [main] INFO  com.calculator.App - Result of squareRoot is : 3.1622776601683795
21:04:35.976 [main] INFO  com.calculator.App - Calculating Square root  of number 16.0
21:04:35.977 [main] INFO  com.calculator.App - Result of squareRoot is : 4.0
21:04:35.977 [main] INFO  com.calculator.App - Calculating Square root  of number -16.0
21:04:35.977 [main] ERROR com.calculator.App - Number cannot be negative Case of NaN squareRoot of < 0
21:04:35.977 [main] INFO  com.calculator.App - Result of squareRoot is : NaN
21:04:35.978 [main] INFO  com.calculator.App - Calculating Natural log of 14.0
21:04:35.978 [main] INFO  com.calculator.App - Result of naturalLog is : 2.6390573296152584
21:04:35.978 [main] INFO  com.calculator.App - Calculating Natural log of 9.0
21:04:35.978 [main] INFO  com.calculator.App - Result of naturalLog is : 2.1972245773362196
21:04:35.978 [main] INFO  com.calculator.App - Calculating Natural log of 0.0
21:04:35.978 [main] ERROR com.calculator.App - Number cannot be negative Case of NaN log of <= 0
21:04:35.979 [main] INFO  com.calculator.App - Result of naturalLog is : NaN
21:04:35.979 [main] INFO  com.calculator.App - Result of factorial is: NaN
21:04:35.980 [main] ERROR com.calculator.App - Number cannot be negative Case of NaN factorial if < 0
21:04:35.980 [main] INFO  com.calculator.App - Result of factorial is: NaN
21:04:35.980 [main] INFO  com.calculator.App - Result of factorial is: 6.0
21:04:35.980 [main] INFO  com.calculator.App - Result of factorial is: 120.0
21:04:35.993 [main] INFO  com.calculator.App - Calculating Power  of two numbers 2.0 and 3.0
21:04:35.993 [main] INFO  com.calculator.App - Result of power is : 8.0
21:04:35.993 [main] INFO  com.calculator.App - Calculating Power  of two numbers 3.0 and 3.0
21:04:35.993 [main] INFO  com.calculator.App - Result of power is : 27.0
21:04:35.994 [main] INFO  com.calculator.App - Calculating Power  of two numbers 2.0 and 2.0
21:04:35.994 [main] INFO  com.calculator.App - Result of power is : 4.0
21:04:35.994 [main] INFO  com.calculator.App - Calculating Power  of two numbers 3.0 and 3.0
21:04:35.994 [main] INFO  com.calculator.App - Result of power is : 27.0
